<?xml version="1.0" encoding="UTF-8"?>
<!-- Generated by org.testng.reporters.JUnitReportReporter -->
<testsuite hostname="DESKTOP-F0SM5H3" failures="0" tests="1" name="cucumberOptions.TestNGTestRunner" time="9.488" errors="0" timestamp="2022-10-18T20:49:31 IST" skipped="0">
  <testcase classname="cucumberOptions.TestNGTestRunner" name="runScenario" time="9.488"/>
  <system-out/>
</testsuite> <!-- cucumberOptions.TestNGTestRunner -->
